  ComputacaoGrafica.cpp
C:\Users\Robert\Documents\workspace\computacao grafica\ComputacaoGraficaCubo\ComputacaoGraficaCubo\ComputacaoGrafica\ComputacaoGrafica\ComputacaoGrafica.cpp(87,36): warning C4244: '=': conversão de 'double' para 'GLfloat', possível perda de dados
C:\Users\Robert\Documents\workspace\computacao grafica\ComputacaoGraficaCubo\ComputacaoGraficaCubo\ComputacaoGrafica\ComputacaoGrafica\ComputacaoGrafica.cpp(88,36): warning C4244: '=': conversão de 'double' para 'GLfloat', possível perda de dados
C:\Users\Robert\Documents\workspace\computacao grafica\ComputacaoGraficaCubo\ComputacaoGraficaCubo\ComputacaoGrafica\ComputacaoGrafica\ComputacaoGrafica.cpp(89,36): warning C4244: '=': conversão de 'double' para 'GLfloat', possível perda de dados
C:\Users\Robert\Documents\workspace\computacao grafica\ComputacaoGraficaCubo\ComputacaoGraficaCubo\ComputacaoGrafica\ComputacaoGrafica\ComputacaoGrafica.cpp(99,36): warning C4244: '=': conversão de 'double' para 'GLfloat', possível perda de dados
C:\Users\Robert\Documents\workspace\computacao grafica\ComputacaoGraficaCubo\ComputacaoGraficaCubo\ComputacaoGrafica\ComputacaoGrafica\ComputacaoGrafica.cpp(100,36): warning C4244: '=': conversão de 'double' para 'GLfloat', possível perda de dados
C:\Users\Robert\Documents\workspace\computacao grafica\ComputacaoGraficaCubo\ComputacaoGraficaCubo\ComputacaoGrafica\ComputacaoGrafica\ComputacaoGrafica.cpp(101,36): warning C4244: '=': conversão de 'double' para 'GLfloat', possível perda de dados
C:\Users\Robert\Documents\workspace\computacao grafica\ComputacaoGraficaCubo\ComputacaoGraficaCubo\ComputacaoGrafica\ComputacaoGrafica\ComputacaoGrafica.cpp(106,16): warning C4244: 'inicializando': conversão de 'double' para 'float', possível perda de dados
C:\Users\Robert\Documents\workspace\computacao grafica\ComputacaoGraficaCubo\ComputacaoGraficaCubo\ComputacaoGrafica\ComputacaoGrafica\ComputacaoGrafica.cpp(119,16): warning C4244: 'inicializando': conversão de 'double' para 'float', possível perda de dados
C:\Users\Robert\Documents\workspace\computacao grafica\ComputacaoGraficaCubo\ComputacaoGraficaCubo\ComputacaoGrafica\ComputacaoGrafica\ComputacaoGrafica.cpp(130,16): warning C4244: 'inicializando': conversão de 'double' para 'float', possível perda de dados
C:\Users\Robert\Documents\workspace\computacao grafica\ComputacaoGraficaCubo\ComputacaoGraficaCubo\ComputacaoGrafica\ComputacaoGrafica\ComputacaoGrafica.cpp(166,13): warning C4244: '=': conversão de 'int' para 'float', possível perda de dados
C:\Users\Robert\Documents\workspace\computacao grafica\ComputacaoGraficaCubo\ComputacaoGraficaCubo\ComputacaoGrafica\ComputacaoGrafica\ComputacaoGrafica.cpp(179,18): warning C4244: 'argumento': conversão de 'float' para 'const unsigned __int64', possível perda de dados
C:\Users\Robert\Documents\workspace\computacao grafica\ComputacaoGraficaCubo\ComputacaoGraficaCubo\ComputacaoGrafica\ComputacaoGrafica\ComputacaoGrafica.cpp(180,18): warning C4244: 'argumento': conversão de 'float' para 'const unsigned __int64', possível perda de dados
C:\Users\Robert\Documents\workspace\computacao grafica\ComputacaoGraficaCubo\ComputacaoGraficaCubo\ComputacaoGrafica\ComputacaoGrafica\ComputacaoGrafica.cpp(181,18): warning C4244: 'argumento': conversão de 'float' para 'const unsigned __int64', possível perda de dados
C:\Users\Robert\Documents\workspace\computacao grafica\ComputacaoGraficaCubo\ComputacaoGraficaCubo\ComputacaoGrafica\ComputacaoGrafica\ComputacaoGrafica.cpp(183,15): warning C4244: 'inicializando': conversão de 'int' para 'float', possível perda de dados
C:\Users\Robert\Documents\workspace\computacao grafica\ComputacaoGraficaCubo\ComputacaoGraficaCubo\ComputacaoGrafica\ComputacaoGrafica\ComputacaoGrafica.cpp(185,18): warning C4244: 'argumento': conversão de 'float' para 'const unsigned __int64', possível perda de dados
C:\Users\Robert\Documents\workspace\computacao grafica\ComputacaoGraficaCubo\ComputacaoGraficaCubo\ComputacaoGrafica\ComputacaoGrafica\ComputacaoGrafica.cpp(186,18): warning C4244: 'argumento': conversão de 'float' para 'const unsigned __int64', possível perda de dados
C:\Users\Robert\Documents\workspace\computacao grafica\ComputacaoGraficaCubo\ComputacaoGraficaCubo\ComputacaoGrafica\ComputacaoGrafica\ComputacaoGrafica.cpp(187,18): warning C4244: 'argumento': conversão de 'float' para 'const unsigned __int64', possível perda de dados
C:\Users\Robert\Documents\workspace\computacao grafica\ComputacaoGraficaCubo\ComputacaoGraficaCubo\ComputacaoGrafica\ComputacaoGrafica\ComputacaoGrafica.cpp(191,18): warning C4244: 'argumento': conversão de 'float' para 'const unsigned __int64', possível perda de dados
C:\Users\Robert\Documents\workspace\computacao grafica\ComputacaoGraficaCubo\ComputacaoGraficaCubo\ComputacaoGrafica\ComputacaoGrafica\ComputacaoGrafica.cpp(192,18): warning C4244: 'argumento': conversão de 'float' para 'const unsigned __int64', possível perda de dados
C:\Users\Robert\Documents\workspace\computacao grafica\ComputacaoGraficaCubo\ComputacaoGraficaCubo\ComputacaoGrafica\ComputacaoGrafica\ComputacaoGrafica.cpp(193,18): warning C4244: 'argumento': conversão de 'float' para 'const unsigned __int64', possível perda de dados
C:\Users\Robert\Documents\workspace\computacao grafica\ComputacaoGraficaCubo\ComputacaoGraficaCubo\ComputacaoGrafica\ComputacaoGrafica\ComputacaoGrafica.cpp(198,13): warning C4244: '=': conversão de 'int' para 'float', possível perda de dados
C:\Users\Robert\Documents\workspace\computacao grafica\ComputacaoGraficaCubo\ComputacaoGraficaCubo\ComputacaoGrafica\ComputacaoGrafica\ComputacaoGrafica.cpp(205,18): warning C4244: 'argumento': conversão de 'float' para 'const unsigned __int64', possível perda de dados
C:\Users\Robert\Documents\workspace\computacao grafica\ComputacaoGraficaCubo\ComputacaoGraficaCubo\ComputacaoGrafica\ComputacaoGrafica\ComputacaoGrafica.cpp(206,18): warning C4244: 'argumento': conversão de 'float' para 'const unsigned __int64', possível perda de dados
C:\Users\Robert\Documents\workspace\computacao grafica\ComputacaoGraficaCubo\ComputacaoGraficaCubo\ComputacaoGrafica\ComputacaoGrafica\ComputacaoGrafica.cpp(207,18): warning C4244: 'argumento': conversão de 'float' para 'const unsigned __int64', possível perda de dados
C:\Users\Robert\Documents\workspace\computacao grafica\ComputacaoGraficaCubo\ComputacaoGraficaCubo\ComputacaoGrafica\ComputacaoGrafica\ComputacaoGrafica.cpp(289,2): warning C4060: instrução switch não contém nenhum rótulo 'case' ou 'default'
  ComputacaoGrafica.vcxproj -> C:\Users\Robert\Documents\workspace\computacao grafica\ComputacaoGraficaCubo\ComputacaoGraficaCubo\ComputacaoGrafica\x64\Debug\ComputacaoGrafica.exe
          1 arquivo(s) copiado(s).
